<?xml version="1.0" encoding="UTF-8"?>
<!-- Generated by org.testng.reporters.JUnitReportReporter -->
<testsuite hostname="DESKTOP-HUHQQT8" failures="0" tests="1" name="com.amazon.testBase.SignInTest" time="10.673" errors="0" timestamp="2024-02-26T10:19:48 IST" skipped="0">
  <testcase classname="com.amazon.testBase.SignInTest" name="checkLoginFunctionality" time="10.673"/>
  <system-out/>
</testsuite> <!-- com.amazon.testBase.SignInTest -->
