<?xml version="1.0" encoding="UTF-8"?>
<!-- Generated by org.testng.reporters.JUnitReportReporter -->
<testsuite hostname="DESKTOP-HUHQQT8" failures="0" tests="1" name="testLayer.SignInTest" time="20.591" errors="0" timestamp="2024-02-26T20:47:28 IST" skipped="0">
  <testcase classname="testLayer.SignInTest" name="checkLoginFunctionality" time="20.591"/>
  <system-out/>
</testsuite> <!-- testLayer.SignInTest -->
